<?xml version="1.0" encoding="UTF-8"?>
<!-- Generated by org.testng.reporters.JUnitReportReporter -->
<testsuite hostname="G000567" failures="0" tests="1" name="test.LandingPageTestUsingTestNG" time="12.942" errors="0" timestamp="31 Oct. 2018 18:04:24 GMT" skipped="0">
  <testcase classname="test.LandingPageTestUsingTestNG" name="LandingTest" time="12.942"/>
</testsuite> <!-- test.LandingPageTestUsingTestNG -->
